  iluminacion2.cpp
C:\Users\lalop\OneDrive\Documentos\Repositorio\316338684_Proyecto_Gpo12\ProyectoFinal\P8_1\iluminacion2.cpp(328,24): warning C4244: 'inicializando': conversión de 'double' a 'GLfloat'; posible pérdida de datos
C:\Users\lalop\OneDrive\Documentos\Repositorio\316338684_Proyecto_Gpo12\ProyectoFinal\P8_1\iluminacion2.cpp(363,20): warning C4244: '=': conversión de 'double' a 'T'; posible pérdida de datos
          with
          [
              T=float
          ]
C:\Users\lalop\OneDrive\Documentos\Repositorio\316338684_Proyecto_Gpo12\ProyectoFinal\P8_1\iluminacion2.cpp(364,20): warning C4244: '=': conversión de 'double' a 'T'; posible pérdida de datos
          with
          [
              T=float
          ]
C:\Users\lalop\OneDrive\Documentos\Repositorio\316338684_Proyecto_Gpo12\ProyectoFinal\P8_1\iluminacion2.cpp(365,20): warning C4244: '=': conversión de 'double' a 'T'; posible pérdida de datos
          with
          [
              T=float
          ]
C:\Users\lalop\OneDrive\Documentos\Repositorio\316338684_Proyecto_Gpo12\ProyectoFinal\P8_1\iluminacion2.cpp(731,23): warning C4244: '=': conversión de 'double' a 'float'; posible pérdida de datos
C:\Users\lalop\OneDrive\Documentos\Repositorio\316338684_Proyecto_Gpo12\ProyectoFinal\P8_1\iluminacion2.cpp(1394,11): warning C4244: '=': conversión de 'double' a 'GLfloat'; posible pérdida de datos
C:\Users\lalop\OneDrive\Documentos\Repositorio\316338684_Proyecto_Gpo12\ProyectoFinal\P8_1\iluminacion2.cpp(1395,11): warning C4244: '=': conversión de 'double' a 'GLfloat'; posible pérdida de datos
C:\Users\lalop\OneDrive\Documentos\Repositorio\316338684_Proyecto_Gpo12\ProyectoFinal\P8_1\iluminacion2.cpp(1399,18): warning C4244: 'inicializando': conversión de 'double' a 'GLfloat'; posible pérdida de datos
C:\Users\lalop\OneDrive\Documentos\Repositorio\316338684_Proyecto_Gpo12\ProyectoFinal\P8_1\iluminacion2.cpp(1400,18): warning C4244: 'inicializando': conversión de 'double' a 'GLfloat'; posible pérdida de datos
C:\Users\lalop\OneDrive\Documentos\Repositorio\316338684_Proyecto_Gpo12\ProyectoFinal\P8_1\iluminacion2.cpp(1402,10): warning C4244: '=': conversión de 'double' a 'GLfloat'; posible pérdida de datos
C:\Users\lalop\OneDrive\Documentos\Repositorio\316338684_Proyecto_Gpo12\ProyectoFinal\P8_1\iluminacion2.cpp(1403,10): warning C4244: '=': conversión de 'double' a 'GLfloat'; posible pérdida de datos
soil2-debug.lib(SOIL2.obj) : warning LNK4075: se omite '/EDITANDCONTINUE' debido a la especificación '/OPT:ICF'
LINK : warning LNK4098: la biblioteca predeterminada'MSVCRTD' entra en conflicto con otras bibliotecas; use la biblioteca /NODEFAULTLIB:biblioteca
  Generando código
  Previous IPDB not found, fall back to full compilation.
  All 613 functions were compiled because no usable IPDB/IOBJ from previous compilation was found.
  Generación de código finalizada
soil2-debug.lib(etc1_utils.obj) : warning LNK4099: no se encontró PDB 'soil2-debug.pdb' con 'soil2-debug.lib(etc1_utils.obj)' o en 'C:\Users\lalop\OneDrive\Documentos\Repositorio\316338684_Proyecto_Gpo12\ProyectoFinal\Release\soil2-debug.pdb'; se vinculará el objeto sin tener en cuenta información de depuración
soil2-debug.lib(image_DXT.obj) : warning LNK4099: no se encontró PDB 'soil2-debug.pdb' con 'soil2-debug.lib(image_DXT.obj)' o en 'C:\Users\lalop\OneDrive\Documentos\Repositorio\316338684_Proyecto_Gpo12\ProyectoFinal\Release\soil2-debug.pdb'; se vinculará el objeto sin tener en cuenta información de depuración
soil2-debug.lib(image_helper.obj) : warning LNK4099: no se encontró PDB '' con 'soil2-debug.lib(image_helper.obj)' o en ''; se vinculará el objeto sin tener en cuenta información de depuración
soil2-debug.lib(SOIL2.obj) : warning LNK4099: no se encontró PDB 'soil2-debug.pdb' con 'soil2-debug.lib(SOIL2.obj)' o en 'C:\Users\lalop\OneDrive\Documentos\Repositorio\316338684_Proyecto_Gpo12\ProyectoFinal\Release\soil2-debug.pdb'; se vinculará el objeto sin tener en cuenta información de depuración
  P8_1.vcxproj -> C:\Users\lalop\OneDrive\Documentos\Repositorio\316338684_Proyecto_Gpo12\ProyectoFinal\Release\P9.exe
